#! /usr/bin/vvp
:ivl_version "10.1 (stable)";
:ivl_delay_selection "TYPICAL";
:vpi_time_precision + 0;
:vpi_module "system";
:vpi_module "vhdl_sys";
:vpi_module "v2005_math";
:vpi_module "va_math";
S_0x556b38b0bd30 .scope module, "counter_tb" "counter_tb" 2 1;
 .timescale 0 0;
v0x556b38b2c240_0 .var "clk", 0 0;
v0x556b38b2c2e0_0 .var "counter_check", 25 0;
v0x556b38b2c3a0_0 .net "data", 25 0, v0x556b38b2c100_0;  1 drivers
E_0x556b38b05e80 .event negedge, v0x556b38b0c0a0_0;
S_0x556b38b0beb0 .scope module, "C1" "counter" 2 9, 3 1 0, S_0x556b38b0bd30;
 .timescale 0 0;
    .port_info 0 /INPUT 1 "clk"
    .port_info 1 /OUTPUT 26 "data"
v0x556b38b0c0a0_0 .net "clk", 0 0, v0x556b38b2c240_0;  1 drivers
v0x556b38b2c100_0 .var "data", 25 0;
E_0x556b38acf8a0 .event posedge, v0x556b38b0c0a0_0;
    .scope S_0x556b38b0beb0;
T_0 ;
    %pushi/vec4 0, 0, 26;
    %store/vec4 v0x556b38b2c100_0, 0, 26;
    %end;
    .thread T_0;
    .scope S_0x556b38b0beb0;
T_1 ;
    %wait E_0x556b38acf8a0;
    %load/vec4 v0x556b38b2c100_0;
    %addi 1, 0, 26;
    %assign/vec4 v0x556b38b2c100_0, 0;
    %jmp T_1;
    .thread T_1;
    .scope S_0x556b38b0bd30;
T_2 ;
    %pushi/vec4 0, 0, 1;
    %store/vec4 v0x556b38b2c240_0, 0, 1;
    %end;
    .thread T_2;
    .scope S_0x556b38b0bd30;
T_3 ;
    %pushi/vec4 1, 0, 26;
    %store/vec4 v0x556b38b2c2e0_0, 0, 26;
    %end;
    .thread T_3;
    .scope S_0x556b38b0bd30;
T_4 ;
    %delay 1, 0;
    %load/vec4 v0x556b38b2c240_0;
    %inv;
    %store/vec4 v0x556b38b2c240_0, 0, 1;
    %jmp T_4;
    .thread T_4;
    .scope S_0x556b38b0bd30;
T_5 ;
    %wait E_0x556b38b05e80;
    %load/vec4 v0x556b38b2c2e0_0;
    %load/vec4 v0x556b38b2c3a0_0;
    %cmp/ne;
    %jmp/0xz  T_5.0, 4;
    %vpi_call 2 18 "$display", "-->ERROR!. Expected: %d. Read: %d", v0x556b38b2c2e0_0, v0x556b38b2c3a0_0 {0 0 0};
T_5.0 ;
    %load/vec4 v0x556b38b2c2e0_0;
    %addi 1, 0, 26;
    %assign/vec4 v0x556b38b2c2e0_0, 0;
    %jmp T_5;
    .thread T_5;
    .scope S_0x556b38b0bd30;
T_6 ;
    %vpi_call 2 25 "$dumpfile", "counter_tb.vcd" {0 0 0};
    %vpi_call 2 26 "$dumpvars", 32'sb00000000000000000000000000000000, S_0x556b38b0bd30 {0 0 0};
    %delay 1, 0;
    %load/vec4 v0x556b38b2c3a0_0;
    %pad/u 32;
    %cmpi/ne 0, 0, 32;
    %jmp/0xz  T_6.0, 4;
    %vpi_call 2 29 "$display", "ERROR! Counter is not 0!" {0 0 0};
    %jmp T_6.1;
T_6.0 ;
    %vpi_call 2 31 "$display", "Counter initialized. OK." {0 0 0};
T_6.1 ;
    %delay 99, 0;
    %vpi_call 2 33 "$display", "END of simulation" {0 0 0};
    %delay 100, 0;
    %vpi_call 2 34 "$finish" {0 0 0};
    %end;
    .thread T_6;
# The file index is used to find the file name in the following table.
:file_names 4;
    "N/A";
    "<interactive>";
    "counter_tb.v";
    "counter.v";
