#! /usr/bin/vvp
:ivl_version "10.1 (stable)";
:ivl_delay_selection "TYPICAL";
:vpi_time_precision + 0;
:vpi_module "system";
:vpi_module "vhdl_sys";
:vpi_module "v2005_math";
:vpi_module "va_math";
S_0x556b12113ea0 .scope module, "mux2_tb" "mux2_tb" 2 1;
 .timescale 0 0;
v0x556b12134ac0_0 .var "clk", 0 0;
v0x556b12134bb0_0 .net "data", 3 0, v0x556b121346d0_0;  1 drivers
S_0x556b12114020 .scope module, "dut" "mux2" 2 8, 3 1 0, S_0x556b12113ea0;
 .timescale 0 0;
    .port_info 0 /INPUT 1 "clk"
    .port_info 1 /OUTPUT 4 "data"
P_0x556b121141a0 .param/l "NP" 0 3 3, +C4<00000000000000000000000000000001>;
P_0x556b121141e0 .param/l "VAL0" 0 3 4, C4<1010>;
P_0x556b12114220 .param/l "VAL1" 0 3 5, C4<0101>;
v0x556b12134600_0 .net "clk", 0 0, v0x556b12134ac0_0;  1 drivers
v0x556b121346d0_0 .var "data", 3 0;
v0x556b12134790_0 .net "sel", 0 0, L_0x556b1210cba0;  1 drivers
L_0x7f1fa5cb6018 .functor BUFT 1, C4<1010>, C4<0>, C4<0>, C4<0>;
v0x556b12134890_0 .net "val0", 3 0, L_0x7f1fa5cb6018;  1 drivers
L_0x7f1fa5cb6060 .functor BUFT 1, C4<0101>, C4<0>, C4<0>, C4<0>;
v0x556b12134930_0 .net "val1", 3 0, L_0x7f1fa5cb6060;  1 drivers
E_0x556b120d5cf0 .event edge, v0x556b12134930_0, v0x556b12134890_0, v0x556b121343f0_0;
S_0x556b12114360 .scope module, "PRES" "prescaler" 3 21, 4 1 0, S_0x556b12114020;
 .timescale 0 0;
    .port_info 0 /INPUT 1 "clk_in"
    .port_info 1 /OUTPUT 1 "clk_out"
P_0x556b12114530 .param/l "N" 0 4 6, +C4<00000000000000000000000000000001>;
L_0x556b1210cba0 .functor BUFZ 1, v0x556b121344b0_0, C4<0>, C4<0>, C4<0>;
v0x556b121145d0_0 .net "clk_in", 0 0, v0x556b12134ac0_0;  alias, 1 drivers
v0x556b121343f0_0 .net "clk_out", 0 0, L_0x556b1210cba0;  alias, 1 drivers
v0x556b121344b0_0 .var "count", 0 0;
E_0x556b1210ab40 .event posedge, v0x556b121145d0_0;
    .scope S_0x556b12114360;
T_0 ;
    %pushi/vec4 0, 0, 1;
    %store/vec4 v0x556b121344b0_0, 0, 1;
    %end;
    .thread T_0;
    .scope S_0x556b12114360;
T_1 ;
    %wait E_0x556b1210ab40;
    %load/vec4 v0x556b121344b0_0;
    %pad/u 2;
    %addi 1, 0, 2;
    %pad/u 1;
    %assign/vec4 v0x556b121344b0_0, 0;
    %jmp T_1;
    .thread T_1;
    .scope S_0x556b12114020;
T_2 ;
    %wait E_0x556b120d5cf0;
    %load/vec4 v0x556b12134790_0;
    %pad/u 32;
    %cmpi/e 0, 0, 32;
    %jmp/0xz  T_2.0, 4;
    %load/vec4 v0x556b12134890_0;
    %assign/vec4 v0x556b121346d0_0, 0;
    %jmp T_2.1;
T_2.0 ;
    %load/vec4 v0x556b12134930_0;
    %assign/vec4 v0x556b121346d0_0, 0;
T_2.1 ;
    %jmp T_2;
    .thread T_2, $push;
    .scope S_0x556b12113ea0;
T_3 ;
    %pushi/vec4 0, 0, 1;
    %store/vec4 v0x556b12134ac0_0, 0, 1;
    %end;
    .thread T_3;
    .scope S_0x556b12113ea0;
T_4 ;
    %delay 1, 0;
    %load/vec4 v0x556b12134ac0_0;
    %inv;
    %store/vec4 v0x556b12134ac0_0, 0, 1;
    %jmp T_4;
    .thread T_4;
    .scope S_0x556b12113ea0;
T_5 ;
    %vpi_call 2 16 "$dumpfile", "mux2_tb.vcd" {0 0 0};
    %vpi_call 2 17 "$dumpvars", 32'sb00000000000000000000000000000000, S_0x556b12113ea0 {0 0 0};
    %delay 30, 0;
    %vpi_call 2 19 "$display", "Start Simulation" {0 0 0};
    %vpi_call 2 20 "$finish" {0 0 0};
    %end;
    .thread T_5;
# The file index is used to find the file name in the following table.
:file_names 5;
    "N/A";
    "<interactive>";
    "mux2_tb.v";
    "mux2.v";
    "prescaler.v";
