#! /usr/bin/vvp
:ivl_version "10.1 (stable)";
:ivl_delay_selection "TYPICAL";
:vpi_time_precision + 0;
:vpi_module "system";
:vpi_module "vhdl_sys";
:vpi_module "v2005_math";
:vpi_module "va_math";
S_0x55e6bdb88770 .scope module, "shift4_tb" "shift4_tb" 2 1;
 .timescale 0 0;
v0x55e6bdba9220_0 .var "clk", 0 0;
v0x55e6bdba9310_0 .net "data", 3 0, v0x55e6bdba8f40_0;  1 drivers
S_0x55e6bdb888f0 .scope module, "C1" "shift4" 2 8, 3 1 0, S_0x55e6bdb88770;
 .timescale 0 0;
    .port_info 0 /INPUT 1 "clk"
    .port_info 1 /OUTPUT 4 "data"
P_0x55e6bdb85190 .param/l "INI" 0 3 4, C4<0001>;
P_0x55e6bdb851d0 .param/l "NP" 0 3 3, +C4<00000000000000000000000000000001>;
v0x55e6bdba8da0_0 .net "clk", 0 0, v0x55e6bdba9220_0;  1 drivers
v0x55e6bdba8e70_0 .net "clk_pres", 0 0, L_0x55e6bdb7e750;  1 drivers
v0x55e6bdba8f40_0 .var "data", 3 0;
v0x55e6bdba9010_0 .var "load_shift", 0 0;
v0x55e6bdba90b0_0 .net "serin", 0 0, L_0x55e6bdba9420;  1 drivers
E_0x55e6bdb7edf0 .event posedge, v0x55e6bdba8b90_0;
L_0x55e6bdba9420 .part v0x55e6bdba8f40_0, 3, 1;
S_0x55e6bdb88ac0 .scope module, "pres1" "prescaler" 3 13, 4 1 0, S_0x55e6bdb888f0;
 .timescale 0 0;
    .port_info 0 /INPUT 1 "clk_in"
    .port_info 1 /OUTPUT 1 "clk_out"
P_0x55e6bdb88c90 .param/l "N" 0 4 6, +C4<00000000000000000000000000000001>;
L_0x55e6bdb7e750 .functor BUFZ 1, v0x55e6bdba8c50_0, C4<0>, C4<0>, C4<0>;
v0x55e6bdb86660_0 .net "clk_in", 0 0, v0x55e6bdba9220_0;  alias, 1 drivers
v0x55e6bdba8b90_0 .net "clk_out", 0 0, L_0x55e6bdb7e750;  alias, 1 drivers
v0x55e6bdba8c50_0 .var "count", 0 0;
E_0x55e6bdb80fa0 .event posedge, v0x55e6bdb86660_0;
    .scope S_0x55e6bdb88ac0;
T_0 ;
    %pushi/vec4 0, 0, 1;
    %store/vec4 v0x55e6bdba8c50_0, 0, 1;
    %end;
    .thread T_0;
    .scope S_0x55e6bdb88ac0;
T_1 ;
    %wait E_0x55e6bdb80fa0;
    %load/vec4 v0x55e6bdba8c50_0;
    %pad/u 2;
    %addi 1, 0, 2;
    %pad/u 1;
    %assign/vec4 v0x55e6bdba8c50_0, 0;
    %jmp T_1;
    .thread T_1;
    .scope S_0x55e6bdb888f0;
T_2 ;
    %pushi/vec4 0, 0, 1;
    %store/vec4 v0x55e6bdba9010_0, 0, 1;
    %end;
    .thread T_2;
    .scope S_0x55e6bdb888f0;
T_3 ;
    %wait E_0x55e6bdb7edf0;
    %pushi/vec4 1, 0, 1;
    %assign/vec4 v0x55e6bdba9010_0, 0;
    %jmp T_3;
    .thread T_3;
    .scope S_0x55e6bdb888f0;
T_4 ;
    %wait E_0x55e6bdb7edf0;
    %load/vec4 v0x55e6bdba9010_0;
    %pad/u 32;
    %cmpi/e 0, 0, 32;
    %jmp/0xz  T_4.0, 4;
    %pushi/vec4 1, 0, 4;
    %assign/vec4 v0x55e6bdba8f40_0, 0;
    %jmp T_4.1;
T_4.0 ;
    %load/vec4 v0x55e6bdba8f40_0;
    %parti/s 3, 0, 2;
    %load/vec4 v0x55e6bdba90b0_0;
    %concat/vec4; draw_concat_vec4
    %assign/vec4 v0x55e6bdba8f40_0, 0;
T_4.1 ;
    %jmp T_4;
    .thread T_4;
    .scope S_0x55e6bdb88770;
T_5 ;
    %pushi/vec4 0, 0, 1;
    %store/vec4 v0x55e6bdba9220_0, 0, 1;
    %end;
    .thread T_5;
    .scope S_0x55e6bdb88770;
T_6 ;
    %delay 1, 0;
    %load/vec4 v0x55e6bdba9220_0;
    %inv;
    %store/vec4 v0x55e6bdba9220_0, 0, 1;
    %jmp T_6;
    .thread T_6;
    .scope S_0x55e6bdb88770;
T_7 ;
    %vpi_call 2 16 "$dumpfile", "shift4_tb.vcd" {0 0 0};
    %vpi_call 2 17 "$dumpvars", 32'sb00000000000000000000000000000000, S_0x55e6bdb88770 {0 0 0};
    %delay 30, 0;
    %vpi_call 2 19 "$display", "Start Simulator" {0 0 0};
    %vpi_call 2 20 "$finish" {0 0 0};
    %end;
    .thread T_7;
# The file index is used to find the file name in the following table.
:file_names 5;
    "N/A";
    "<interactive>";
    "shift4_tb.v";
    "shift4.v";
    "prescaler.v";
