#! /usr/bin/vvp
:ivl_version "10.1 (stable)";
:ivl_delay_selection "TYPICAL";
:vpi_time_precision + 0;
:vpi_module "system";
:vpi_module "vhdl_sys";
:vpi_module "v2005_math";
:vpi_module "va_math";
S_0x560e3ef66270 .scope module, "init_tb" "init_tb" 2 1;
 .timescale 0 0;
v0x560e3ef86780_0 .var "clk", 0 0;
v0x560e3ef86850_0 .net "ini", 0 0, L_0x560e3ef86950;  1 drivers
S_0x560e3ef663f0 .scope module, "INIT" "init" 2 8, 3 1 0, S_0x560e3ef66270;
 .timescale 0 0;
    .port_info 0 /INPUT 1 "clk"
    .port_info 1 /OUTPUT 1 "ini"
L_0x560e3ef86950 .functor BUFZ 1, v0x560e3ef865c0_0, C4<0>, C4<0>, C4<0>;
v0x560e3ef665c0_0 .net "clk", 0 0, v0x560e3ef86780_0;  1 drivers
L_0x7fec9b17b018 .functor BUFT 1, C4<1>, C4<0>, C4<0>, C4<0>;
v0x560e3ef86500_0 .net "din", 0 0, L_0x7fec9b17b018;  1 drivers
v0x560e3ef865c0_0 .var "dout", 0 0;
v0x560e3ef86660_0 .net "ini", 0 0, L_0x560e3ef86950;  alias, 1 drivers
E_0x560e3ef2c8a0 .event posedge, v0x560e3ef665c0_0;
    .scope S_0x560e3ef663f0;
T_0 ;
    %pushi/vec4 0, 0, 1;
    %store/vec4 v0x560e3ef865c0_0, 0, 1;
    %end;
    .thread T_0;
    .scope S_0x560e3ef663f0;
T_1 ;
    %wait E_0x560e3ef2c8a0;
    %load/vec4 v0x560e3ef86500_0;
    %assign/vec4 v0x560e3ef865c0_0, 0;
    %jmp T_1;
    .thread T_1;
    .scope S_0x560e3ef66270;
T_2 ;
    %pushi/vec4 0, 0, 1;
    %store/vec4 v0x560e3ef86780_0, 0, 1;
    %end;
    .thread T_2;
    .scope S_0x560e3ef66270;
T_3 ;
    %delay 2, 0;
    %load/vec4 v0x560e3ef86780_0;
    %inv;
    %store/vec4 v0x560e3ef86780_0, 0, 1;
    %jmp T_3;
    .thread T_3;
    .scope S_0x560e3ef66270;
T_4 ;
    %vpi_call 2 16 "$dumpfile", "init_tb.vcd" {0 0 0};
    %vpi_call 2 17 "$dumpvars", 32'sb00000000000000000000000000000000, S_0x560e3ef66270 {0 0 0};
    %delay 20, 0;
    %vpi_call 2 19 "$display", "Simulation Started" {0 0 0};
    %vpi_call 2 20 "$finish" {0 0 0};
    %end;
    .thread T_4;
# The file index is used to find the file name in the following table.
:file_names 4;
    "N/A";
    "<interactive>";
    "init_tb.v";
    "init.v";
