#! /usr/bin/vvp
:ivl_version "10.1 (stable)";
:ivl_delay_selection "TYPICAL";
:vpi_time_precision + 0;
:vpi_module "system";
:vpi_module "vhdl_sys";
:vpi_module "v2005_math";
:vpi_module "va_math";
S_0x5560ba7467d0 .scope module, "blink4_tb" "blink4_tb" 2 2;
 .timescale 0 0;
v0x5560ba767280_0 .var "clk", 0 0;
v0x5560ba767370_0 .net "data", 3 0, L_0x5560ba7674d0;  1 drivers
S_0x5560ba746950 .scope module, "TOP" "blink4" 2 12, 3 2 0, S_0x5560ba7467d0;
 .timescale 0 0;
    .port_info 0 /INPUT 1 "clk"
    .port_info 1 /OUTPUT 4 "data"
P_0x5560ba73f2b0 .param/l "N" 0 3 6, +C4<00000000000000000000000000000001>;
L_0x5560ba73d660 .functor NOT 4, v0x5560ba7670f0_0, C4<0000>, C4<0000>, C4<0000>;
L_0x5560ba7674d0 .functor BUFZ 4, v0x5560ba7670f0_0, C4<0000>, C4<0000>, C4<0000>;
v0x5560ba766dc0_0 .net "clk", 0 0, v0x5560ba767280_0;  1 drivers
v0x5560ba766e90_0 .net "clk_base", 0 0, L_0x5560ba73f680;  1 drivers
v0x5560ba766f60_0 .net "data", 3 0, L_0x5560ba7674d0;  alias, 1 drivers
v0x5560ba767030_0 .net "din", 3 0, L_0x5560ba73d660;  1 drivers
v0x5560ba7670f0_0 .var "dout", 3 0;
E_0x5560ba73d7a0 .event posedge, v0x5560ba766bb0_0;
S_0x5560ba746b20 .scope module, "PRES" "prescaler" 3 19, 4 1 0, S_0x5560ba746950;
 .timescale 0 0;
    .port_info 0 /INPUT 1 "clk_in"
    .port_info 1 /OUTPUT 1 "clk_out"
P_0x5560ba746cf0 .param/l "N" 0 4 6, +C4<00000000000000000000000000000001>;
L_0x5560ba73f680 .functor BUFZ 1, v0x5560ba766c70_0, C4<0>, C4<0>, C4<0>;
v0x5560ba746d90_0 .net "clk_in", 0 0, v0x5560ba767280_0;  alias, 1 drivers
v0x5560ba766bb0_0 .net "clk_out", 0 0, L_0x5560ba73f680;  alias, 1 drivers
v0x5560ba766c70_0 .var "count", 0 0;
E_0x5560ba73df70 .event posedge, v0x5560ba746d90_0;
    .scope S_0x5560ba746b20;
T_0 ;
    %pushi/vec4 0, 0, 1;
    %store/vec4 v0x5560ba766c70_0, 0, 1;
    %end;
    .thread T_0;
    .scope S_0x5560ba746b20;
T_1 ;
    %wait E_0x5560ba73df70;
    %load/vec4 v0x5560ba766c70_0;
    %pad/u 2;
    %addi 1, 0, 2;
    %pad/u 1;
    %assign/vec4 v0x5560ba766c70_0, 0;
    %jmp T_1;
    .thread T_1;
    .scope S_0x5560ba746950;
T_2 ;
    %pushi/vec4 0, 0, 4;
    %store/vec4 v0x5560ba7670f0_0, 0, 4;
    %end;
    .thread T_2;
    .scope S_0x5560ba746950;
T_3 ;
    %wait E_0x5560ba73d7a0;
    %load/vec4 v0x5560ba767030_0;
    %assign/vec4 v0x5560ba7670f0_0, 0;
    %jmp T_3;
    .thread T_3;
    .scope S_0x5560ba7467d0;
T_4 ;
    %pushi/vec4 0, 0, 1;
    %store/vec4 v0x5560ba767280_0, 0, 1;
    %end;
    .thread T_4;
    .scope S_0x5560ba7467d0;
T_5 ;
    %delay 1, 0;
    %load/vec4 v0x5560ba767280_0;
    %inv;
    %store/vec4 v0x5560ba767280_0, 0, 1;
    %jmp T_5;
    .thread T_5;
    .scope S_0x5560ba7467d0;
T_6 ;
    %vpi_call 2 24 "$dumpfile", "blink4_tb.vcd" {0 0 0};
    %vpi_call 2 25 "$dumpvars", 32'sb00000000000000000000000000000000, S_0x5560ba7467d0 {0 0 0};
    %delay 100, 0;
    %vpi_call 2 27 "$display", "FIN de la simulacion" {0 0 0};
    %vpi_call 2 28 "$finish" {0 0 0};
    %end;
    .thread T_6;
# The file index is used to find the file name in the following table.
:file_names 5;
    "N/A";
    "<interactive>";
    "blink4_tb.v";
    "blink4.v";
    "prescaler.v";
